{"C:\\Users\\Gustavo\\Music\\t81-project\\config\\config.js": {"path":"C:\\Users\\Gustavo\\Music\\t81-project\\config\\config.js","statementMap":{"0":{"start":{"line":1,"column":0},"end":{"line":1,"column":26}},"1":{"start":{"line":3,"column":0},"end":{"line":31,"column":1}}},"fnMap":{},"branchMap":{},"s":{"0":1,"1":1},"f":{},"b":{},"_coverageSchema":"1a1c01bbd47fc00a2c39e90264f33305004495a9","hash":"fd239b697a4220611ccbb1198601728f10ae6fe4"}
,"C:\\Users\\Gustavo\\Music\\t81-project\\models\\activities.js": {"path":"C:\\Users\\Gustavo\\Music\\t81-project\\models\\activities.js","statementMap":{"0":{"start":{"line":2,"column":20},"end":{"line":2,"column":40}},"1":{"start":{"line":3,"column":2},"end":{"line":45,"column":3}},"2":{"start":{"line":12,"column":8},"end":{"line":16,"column":11}},"3":{"start":{"line":20,"column":4},"end":{"line":32,"column":7}},"4":{"start":{"line":34,"column":6},"end":{"line":34,"column":71}},"5":{"start":{"line":34,"column":44},"end":{"line":34,"column":70}},"6":{"start":{"line":36,"column":6},"end":{"line":36,"column":74}},"7":{"start":{"line":36,"column":44},"end":{"line":36,"column":73}},"8":{"start":{"line":38,"column":6},"end":{"line":38,"column":93}},"9":{"start":{"line":38,"column":57},"end":{"line":38,"column":92}},"10":{"start":{"line":40,"column":6},"end":{"line":40,"column":116}},"11":{"start":{"line":40,"column":59},"end":{"line":40,"column":115}},"12":{"start":{"line":42,"column":6},"end":{"line":42,"column":95}},"13":{"start":{"line":42,"column":49},"end":{"line":42,"column":94}},"14":{"start":{"line":44,"column":6},"end":{"line":44,"column":24}}},"fnMap":{"0":{"name":"(anonymous_0)","decl":{"start":{"line":3,"column":19},"end":{"line":3,"column":20}},"loc":{"start":{"line":3,"column":45},"end":{"line":45,"column":3}},"line":3},"1":{"name":"(anonymous_1)","decl":{"start":{"line":10,"column":6},"end":{"line":10,"column":7}},"loc":{"start":{"line":10,"column":31},"end":{"line":18,"column":7}},"line":10},"2":{"name":"(anonymous_2)","decl":{"start":{"line":34,"column":33},"end":{"line":34,"column":34}},"loc":{"start":{"line":34,"column":44},"end":{"line":34,"column":70}},"line":34},"3":{"name":"(anonymous_3)","decl":{"start":{"line":36,"column":31},"end":{"line":36,"column":32}},"loc":{"start":{"line":36,"column":44},"end":{"line":36,"column":73}},"line":36},"4":{"name":"(anonymous_4)","decl":{"start":{"line":38,"column":36},"end":{"line":38,"column":37}},"loc":{"start":{"line":38,"column":57},"end":{"line":38,"column":92}},"line":38},"5":{"name":"(anonymous_5)","decl":{"start":{"line":40,"column":36},"end":{"line":40,"column":37}},"loc":{"start":{"line":40,"column":59},"end":{"line":40,"column":115}},"line":40},"6":{"name":"(anonymous_6)","decl":{"start":{"line":42,"column":36},"end":{"line":42,"column":37}},"loc":{"start":{"line":42,"column":49},"end":{"line":42,"column":94}},"line":42}},"branchMap":{},"s":{"0":1,"1":1,"2":1,"3":1,"4":1,"5":0,"6":1,"7":0,"8":1,"9":0,"10":1,"11":0,"12":1,"13":0,"14":1},"f":{"0":1,"1":1,"2":0,"3":0,"4":0,"5":0,"6":0},"b":{},"_coverageSchema":"1a1c01bbd47fc00a2c39e90264f33305004495a9","hash":"e390ac4cf9b51081d41f64a54a71ca901aa48830"}
,"C:\\Users\\Gustavo\\Music\\t81-project\\models\\category.js": {"path":"C:\\Users\\Gustavo\\Music\\t81-project\\models\\category.js","statementMap":{"0":{"start":{"line":2,"column":0},"end":{"line":50,"column":2}},"1":{"start":{"line":3,"column":20},"end":{"line":3,"column":40}},"2":{"start":{"line":14,"column":2},"end":{"line":24,"column":5}},"3":{"start":{"line":26,"column":2},"end":{"line":27,"column":39}},"4":{"start":{"line":27,"column":4},"end":{"line":27,"column":38}},"5":{"start":{"line":29,"column":2},"end":{"line":30,"column":3}},"6":{"start":{"line":29,"column":41},"end":{"line":30,"column":3}},"7":{"start":{"line":32,"column":2},"end":{"line":32,"column":79}},"8":{"start":{"line":32,"column":48},"end":{"line":32,"column":79}},"9":{"start":{"line":34,"column":2},"end":{"line":36,"column":3}},"10":{"start":{"line":35,"column":4},"end":{"line":35,"column":49}},"11":{"start":{"line":38,"column":2},"end":{"line":39,"column":45}},"12":{"start":{"line":39,"column":4},"end":{"line":39,"column":44}},"13":{"start":{"line":41,"column":2},"end":{"line":47,"column":3}},"14":{"start":{"line":42,"column":4},"end":{"line":45,"column":6}},"15":{"start":{"line":49,"column":2},"end":{"line":49,"column":18}}},"fnMap":{"0":{"name":"(anonymous_0)","decl":{"start":{"line":2,"column":17},"end":{"line":2,"column":18}},"loc":{"start":{"line":2,"column":43},"end":{"line":50,"column":1}},"line":2},"1":{"name":"(anonymous_1)","decl":{"start":{"line":26,"column":29},"end":{"line":26,"column":30}},"loc":{"start":{"line":26,"column":42},"end":{"line":27,"column":39}},"line":26},"2":{"name":"(anonymous_2)","decl":{"start":{"line":29,"column":30},"end":{"line":29,"column":31}},"loc":{"start":{"line":29,"column":41},"end":{"line":30,"column":3}},"line":29},"3":{"name":"(anonymous_3)","decl":{"start":{"line":32,"column":28},"end":{"line":32,"column":29}},"loc":{"start":{"line":32,"column":48},"end":{"line":32,"column":79}},"line":32},"4":{"name":"(anonymous_4)","decl":{"start":{"line":34,"column":28},"end":{"line":34,"column":29}},"loc":{"start":{"line":34,"column":46},"end":{"line":36,"column":3}},"line":34},"5":{"name":"(anonymous_5)","decl":{"start":{"line":38,"column":28},"end":{"line":38,"column":29}},"loc":{"start":{"line":38,"column":40},"end":{"line":39,"column":45}},"line":38},"6":{"name":"(anonymous_6)","decl":{"start":{"line":41,"column":35},"end":{"line":41,"column":36}},"loc":{"start":{"line":41,"column":59},"end":{"line":47,"column":3}},"line":41}},"branchMap":{},"s":{"0":1,"1":1,"2":1,"3":1,"4":0,"5":1,"6":0,"7":1,"8":0,"9":1,"10":0,"11":1,"12":0,"13":1,"14":0,"15":1},"f":{"0":1,"1":0,"2":0,"3":0,"4":0,"5":0,"6":0},"b":{},"_coverageSchema":"1a1c01bbd47fc00a2c39e90264f33305004495a9","hash":"eecdb02a7e688debae972610f8832e45df35f9af"}
,"C:\\Users\\Gustavo\\Music\\t81-project\\models\\comment.js": {"path":"C:\\Users\\Gustavo\\Music\\t81-project\\models\\comment.js","statementMap":{"0":{"start":{"line":2,"column":18},"end":{"line":2,"column":38}},"1":{"start":{"line":3,"column":13},"end":{"line":3,"column":30}},"2":{"start":{"line":4,"column":0},"end":{"line":54,"column":1}},"3":{"start":{"line":11,"column":2},"end":{"line":24,"column":3}},"4":{"start":{"line":26,"column":2},"end":{"line":27,"column":38}},"5":{"start":{"line":27,"column":4},"end":{"line":27,"column":37}},"6":{"start":{"line":29,"column":2},"end":{"line":30,"column":3}},"7":{"start":{"line":29,"column":39},"end":{"line":30,"column":3}},"8":{"start":{"line":32,"column":2},"end":{"line":32,"column":126}},"9":{"start":{"line":32,"column":43},"end":{"line":32,"column":126}},"10":{"start":{"line":34,"column":2},"end":{"line":34,"column":74}},"11":{"start":{"line":34,"column":45},"end":{"line":34,"column":74}},"12":{"start":{"line":36,"column":2},"end":{"line":40,"column":3}},"13":{"start":{"line":37,"column":2},"end":{"line":37,"column":46}},"14":{"start":{"line":42,"column":2},"end":{"line":43,"column":44}},"15":{"start":{"line":43,"column":4},"end":{"line":43,"column":43}},"16":{"start":{"line":45,"column":2},"end":{"line":51,"column":3}},"17":{"start":{"line":46,"column":4},"end":{"line":49,"column":6}},"18":{"start":{"line":53,"column":2},"end":{"line":53,"column":17}}},"fnMap":{"0":{"name":"(anonymous_0)","decl":{"start":{"line":4,"column":17},"end":{"line":4,"column":18}},"loc":{"start":{"line":4,"column":43},"end":{"line":54,"column":1}},"line":4},"1":{"name":"(anonymous_1)","decl":{"start":{"line":6,"column":4},"end":{"line":6,"column":5}},"loc":{"start":{"line":6,"column":29},"end":{"line":9,"column":5}},"line":6},"2":{"name":"(anonymous_2)","decl":{"start":{"line":26,"column":27},"end":{"line":26,"column":28}},"loc":{"start":{"line":26,"column":40},"end":{"line":27,"column":38}},"line":26},"3":{"name":"(anonymous_3)","decl":{"start":{"line":29,"column":28},"end":{"line":29,"column":29}},"loc":{"start":{"line":29,"column":39},"end":{"line":30,"column":3}},"line":29},"4":{"name":"(anonymous_4)","decl":{"start":{"line":32,"column":30},"end":{"line":32,"column":31}},"loc":{"start":{"line":32,"column":43},"end":{"line":32,"column":126}},"line":32},"5":{"name":"(anonymous_5)","decl":{"start":{"line":34,"column":26},"end":{"line":34,"column":27}},"loc":{"start":{"line":34,"column":45},"end":{"line":34,"column":74}},"line":34},"6":{"name":"(anonymous_6)","decl":{"start":{"line":36,"column":26},"end":{"line":36,"column":27}},"loc":{"start":{"line":36,"column":44},"end":{"line":40,"column":3}},"line":36},"7":{"name":"(anonymous_7)","decl":{"start":{"line":42,"column":26},"end":{"line":42,"column":27}},"loc":{"start":{"line":42,"column":38},"end":{"line":43,"column":44}},"line":42},"8":{"name":"(anonymous_8)","decl":{"start":{"line":45,"column":34},"end":{"line":45,"column":35}},"loc":{"start":{"line":45,"column":58},"end":{"line":51,"column":3}},"line":45}},"branchMap":{},"s":{"0":1,"1":1,"2":1,"3":1,"4":1,"5":0,"6":1,"7":0,"8":1,"9":0,"10":1,"11":0,"12":1,"13":0,"14":1,"15":0,"16":1,"17":0,"18":1},"f":{"0":1,"1":1,"2":0,"3":0,"4":0,"5":0,"6":0,"7":0,"8":0},"b":{},"_coverageSchema":"1a1c01bbd47fc00a2c39e90264f33305004495a9","hash":"e804c3e6b41cf5c58c7d72e38dbe60987437551f"}
,"C:\\Users\\Gustavo\\Music\\t81-project\\models\\contacts.js": {"path":"C:\\Users\\Gustavo\\Music\\t81-project\\models\\contacts.js","statementMap":{"0":{"start":{"line":2,"column":0},"end":{"line":20,"column":2}},"1":{"start":{"line":4,"column":19},"end":{"line":10,"column":8}},"2":{"start":{"line":11,"column":2},"end":{"line":13,"column":4}},"3":{"start":{"line":15,"column":2},"end":{"line":15,"column":70}},"4":{"start":{"line":15,"column":42},"end":{"line":15,"column":69}},"5":{"start":{"line":16,"column":2},"end":{"line":18,"column":4}},"6":{"start":{"line":16,"column":39},"end":{"line":18,"column":3}},"7":{"start":{"line":19,"column":2},"end":{"line":19,"column":18}}},"fnMap":{"0":{"name":"(anonymous_0)","decl":{"start":{"line":2,"column":17},"end":{"line":2,"column":18}},"loc":{"start":{"line":2,"column":43},"end":{"line":20,"column":1}},"line":2},"1":{"name":"(anonymous_1)","decl":{"start":{"line":11,"column":23},"end":{"line":11,"column":24}},"loc":{"start":{"line":11,"column":40},"end":{"line":13,"column":3}},"line":11},"2":{"name":"(anonymous_2)","decl":{"start":{"line":15,"column":27},"end":{"line":15,"column":28}},"loc":{"start":{"line":15,"column":42},"end":{"line":15,"column":69}},"line":15},"3":{"name":"(anonymous_3)","decl":{"start":{"line":16,"column":28},"end":{"line":16,"column":29}},"loc":{"start":{"line":16,"column":39},"end":{"line":18,"column":3}},"line":16}},"branchMap":{},"s":{"0":1,"1":1,"2":1,"3":1,"4":0,"5":1,"6":0,"7":1},"f":{"0":1,"1":1,"2":0,"3":0},"b":{},"_coverageSchema":"1a1c01bbd47fc00a2c39e90264f33305004495a9","hash":"2518b55cf4ea28889993262bbf6d1202e7bf123e"}
,"C:\\Users\\Gustavo\\Music\\t81-project\\models\\index.js": {"path":"C:\\Users\\Gustavo\\Music\\t81-project\\models\\index.js","statementMap":{"0":{"start":{"line":3,"column":11},"end":{"line":3,"column":24}},"1":{"start":{"line":4,"column":13},"end":{"line":4,"column":28}},"2":{"start":{"line":5,"column":18},"end":{"line":5,"column":38}},"3":{"start":{"line":6,"column":17},"end":{"line":6,"column":42}},"4":{"start":{"line":7,"column":15},"end":{"line":7,"column":67}},"5":{"start":{"line":9,"column":11},"end":{"line":9,"column":13}},"6":{"start":{"line":11,"column":18},"end":{"line":11,"column":90}},"7":{"start":{"line":13,"column":0},"end":{"line":21,"column":5}},"8":{"start":{"line":16,"column":4},"end":{"line":16,"column":90}},"9":{"start":{"line":19,"column":18},"end":{"line":19,"column":85}},"10":{"start":{"line":20,"column":4},"end":{"line":20,"column":27}},"11":{"start":{"line":23,"column":0},"end":{"line":27,"column":3}},"12":{"start":{"line":24,"column":2},"end":{"line":26,"column":3}},"13":{"start":{"line":25,"column":4},"end":{"line":25,"column":32}},"14":{"start":{"line":29,"column":0},"end":{"line":29,"column":25}},"15":{"start":{"line":30,"column":0},"end":{"line":30,"column":25}},"16":{"start":{"line":32,"column":0},"end":{"line":32,"column":20}}},"fnMap":{"0":{"name":"(anonymous_0)","decl":{"start":{"line":15,"column":10},"end":{"line":15,"column":11}},"loc":{"start":{"line":15,"column":18},"end":{"line":17,"column":3}},"line":15},"1":{"name":"(anonymous_1)","decl":{"start":{"line":18,"column":11},"end":{"line":18,"column":12}},"loc":{"start":{"line":18,"column":19},"end":{"line":21,"column":3}},"line":18},"2":{"name":"(anonymous_2)","decl":{"start":{"line":23,"column":24},"end":{"line":23,"column":25}},"loc":{"start":{"line":23,"column":37},"end":{"line":27,"column":1}},"line":23}},"branchMap":{"0":{"loc":{"start":{"line":16,"column":11},"end":{"line":16,"column":89}},"type":"binary-expr","locations":[{"start":{"line":16,"column":12},"end":{"line":16,"column":35}},{"start":{"line":16,"column":41},"end":{"line":16,"column":58}},{"start":{"line":16,"column":64},"end":{"line":16,"column":88}}],"line":16},"1":{"loc":{"start":{"line":24,"column":2},"end":{"line":26,"column":3}},"type":"if","locations":[{"start":{"line":24,"column":2},"end":{"line":26,"column":3}},{"start":{},"end":{}}],"line":24}},"s":{"0":1,"1":1,"2":1,"3":1,"4":1,"5":1,"6":1,"7":1,"8":12,"9":11,"10":11,"11":1,"12":11,"13":9,"14":1,"15":1,"16":1},"f":{"0":12,"1":11,"2":11},"b":{"0":[12,12,11],"1":[9,2]},"_coverageSchema":"1a1c01bbd47fc00a2c39e90264f33305004495a9","hash":"4b190e1eef8dab069b2b663a219133e1d981b890"}
,"C:\\Users\\Gustavo\\Music\\t81-project\\models\\members.js": {"path":"C:\\Users\\Gustavo\\Music\\t81-project\\models\\members.js","statementMap":{"0":{"start":{"line":5,"column":4},"end":{"line":5,"column":24}},"1":{"start":{"line":6,"column":0},"end":{"line":44,"column":2}},"2":{"start":{"line":17,"column":2},"end":{"line":29,"column":5}},"3":{"start":{"line":32,"column":2},"end":{"line":32,"column":67}},"4":{"start":{"line":32,"column":40},"end":{"line":32,"column":66}},"5":{"start":{"line":33,"column":2},"end":{"line":33,"column":62}},"6":{"start":{"line":33,"column":38},"end":{"line":33,"column":61}},"7":{"start":{"line":34,"column":2},"end":{"line":37,"column":2}},"8":{"start":{"line":34,"column":49},"end":{"line":37,"column":2}},"9":{"start":{"line":38,"column":2},"end":{"line":38,"column":67}},"10":{"start":{"line":38,"column":40},"end":{"line":38,"column":66}},"11":{"start":{"line":39,"column":2},"end":{"line":41,"column":3}},"12":{"start":{"line":39,"column":50},"end":{"line":41,"column":2}},"13":{"start":{"line":42,"column":2},"end":{"line":42,"column":80}},"14":{"start":{"line":42,"column":38},"end":{"line":42,"column":79}},"15":{"start":{"line":43,"column":2},"end":{"line":43,"column":17}}},"fnMap":{"0":{"name":"(anonymous_0)","decl":{"start":{"line":6,"column":17},"end":{"line":6,"column":18}},"loc":{"start":{"line":6,"column":43},"end":{"line":44,"column":1}},"line":6},"1":{"name":"(anonymous_1)","decl":{"start":{"line":13,"column":4},"end":{"line":13,"column":5}},"loc":{"start":{"line":13,"column":29},"end":{"line":15,"column":5}},"line":13},"2":{"name":"(anonymous_2)","decl":{"start":{"line":32,"column":26},"end":{"line":32,"column":27}},"loc":{"start":{"line":32,"column":40},"end":{"line":32,"column":66}},"line":32},"3":{"name":"(anonymous_3)","decl":{"start":{"line":33,"column":26},"end":{"line":33,"column":27}},"loc":{"start":{"line":33,"column":38},"end":{"line":33,"column":61}},"line":33},"4":{"name":"(anonymous_4)","decl":{"start":{"line":34,"column":21},"end":{"line":34,"column":22}},"loc":{"start":{"line":34,"column":49},"end":{"line":37,"column":2}},"line":34},"5":{"name":"(anonymous_5)","decl":{"start":{"line":38,"column":25},"end":{"line":38,"column":26}},"loc":{"start":{"line":38,"column":40},"end":{"line":38,"column":66}},"line":38},"6":{"name":"(anonymous_6)","decl":{"start":{"line":39,"column":25},"end":{"line":39,"column":26}},"loc":{"start":{"line":39,"column":50},"end":{"line":41,"column":2}},"line":39},"7":{"name":"(anonymous_7)","decl":{"start":{"line":42,"column":25},"end":{"line":42,"column":26}},"loc":{"start":{"line":42,"column":38},"end":{"line":42,"column":79}},"line":42}},"branchMap":{},"s":{"0":1,"1":1,"2":1,"3":1,"4":0,"5":1,"6":0,"7":1,"8":0,"9":1,"10":0,"11":1,"12":0,"13":1,"14":0,"15":1},"f":{"0":1,"1":1,"2":0,"3":0,"4":0,"5":0,"6":0,"7":0},"b":{},"_coverageSchema":"1a1c01bbd47fc00a2c39e90264f33305004495a9","hash":"104c75fb6f854261a137298c3f120143f50c1d5c"}
,"C:\\Users\\Gustavo\\Music\\t81-project\\models\\organization.js": {"path":"C:\\Users\\Gustavo\\Music\\t81-project\\models\\organization.js","statementMap":{"0":{"start":{"line":4,"column":4},"end":{"line":4,"column":24}},"1":{"start":{"line":5,"column":0},"end":{"line":96,"column":2}},"2":{"start":{"line":13,"column":6},"end":{"line":13,"column":41}},"3":{"start":{"line":16,"column":2},"end":{"line":32,"column":5}},"4":{"start":{"line":37,"column":2},"end":{"line":37,"column":86}},"5":{"start":{"line":37,"column":56},"end":{"line":37,"column":83}},"6":{"start":{"line":39,"column":2},"end":{"line":41,"column":4}},"7":{"start":{"line":40,"column":4},"end":{"line":40,"column":51}},"8":{"start":{"line":44,"column":2},"end":{"line":49,"column":4}},"9":{"start":{"line":45,"column":4},"end":{"line":47,"column":5}},"10":{"start":{"line":46,"column":6},"end":{"line":46,"column":34}},"11":{"start":{"line":48,"column":4},"end":{"line":48,"column":35}},"12":{"start":{"line":51,"column":2},"end":{"line":70,"column":3}},"13":{"start":{"line":52,"column":4},"end":{"line":61,"column":5}},"14":{"start":{"line":53,"column":6},"end":{"line":60,"column":11}},"15":{"start":{"line":62,"column":4},"end":{"line":69,"column":8}},"16":{"start":{"line":73,"column":2},"end":{"line":73,"column":90}},"17":{"start":{"line":73,"column":58},"end":{"line":73,"column":88}},"18":{"start":{"line":76,"column":2},"end":{"line":81,"column":3}},"19":{"start":{"line":78,"column":32},"end":{"line":78,"column":71}},"20":{"start":{"line":79,"column":4},"end":{"line":79,"column":31}},"21":{"start":{"line":83,"column":2},"end":{"line":85,"column":3}},"22":{"start":{"line":84,"column":4},"end":{"line":84,"column":37}},"23":{"start":{"line":88,"column":2},"end":{"line":93,"column":3}},"24":{"start":{"line":90,"column":4},"end":{"line":90,"column":40}},"25":{"start":{"line":91,"column":4},"end":{"line":91,"column":14}},"26":{"start":{"line":95,"column":2},"end":{"line":95,"column":22}}},"fnMap":{"0":{"name":"(anonymous_0)","decl":{"start":{"line":5,"column":17},"end":{"line":5,"column":18}},"loc":{"start":{"line":5,"column":43},"end":{"line":96,"column":1}},"line":5},"1":{"name":"(anonymous_1)","decl":{"start":{"line":12,"column":4},"end":{"line":12,"column":5}},"loc":{"start":{"line":12,"column":29},"end":{"line":14,"column":5}},"line":12},"2":{"name":"(anonymous_2)","decl":{"start":{"line":37,"column":37},"end":{"line":37,"column":38}},"loc":{"start":{"line":37,"column":54},"end":{"line":37,"column":85}},"line":37},"3":{"name":"(anonymous_3)","decl":{"start":{"line":39,"column":43},"end":{"line":39,"column":44}},"loc":{"start":{"line":39,"column":66},"end":{"line":41,"column":3}},"line":39},"4":{"name":"(anonymous_4)","decl":{"start":{"line":44,"column":33},"end":{"line":44,"column":34}},"loc":{"start":{"line":44,"column":52},"end":{"line":49,"column":3}},"line":44},"5":{"name":"(anonymous_5)","decl":{"start":{"line":51,"column":39},"end":{"line":51,"column":40}},"loc":{"start":{"line":51,"column":66},"end":{"line":70,"column":3}},"line":51},"6":{"name":"(anonymous_6)","decl":{"start":{"line":73,"column":36},"end":{"line":73,"column":37}},"loc":{"start":{"line":73,"column":56},"end":{"line":73,"column":90}},"line":73},"7":{"name":"(anonymous_7)","decl":{"start":{"line":76,"column":36},"end":{"line":76,"column":37}},"loc":{"start":{"line":76,"column":79},"end":{"line":81,"column":3}},"line":76},"8":{"name":"(anonymous_8)","decl":{"start":{"line":83,"column":34},"end":{"line":83,"column":35}},"loc":{"start":{"line":83,"column":59},"end":{"line":85,"column":3}},"line":83},"9":{"name":"(anonymous_9)","decl":{"start":{"line":88,"column":36},"end":{"line":88,"column":37}},"loc":{"start":{"line":88,"column":56},"end":{"line":93,"column":3}},"line":88}},"branchMap":{"0":{"loc":{"start":{"line":45,"column":4},"end":{"line":47,"column":5}},"type":"if","locations":[{"start":{"line":45,"column":4},"end":{"line":47,"column":5}},{"start":{},"end":{}}],"line":45},"1":{"loc":{"start":{"line":52,"column":4},"end":{"line":61,"column":5}},"type":"if","locations":[{"start":{"line":52,"column":4},"end":{"line":61,"column":5}},{"start":{},"end":{}}],"line":52}},"s":{"0":1,"1":1,"2":1,"3":1,"4":1,"5":0,"6":1,"7":0,"8":1,"9":0,"10":0,"11":0,"12":1,"13":0,"14":0,"15":0,"16":1,"17":0,"18":1,"19":0,"20":0,"21":1,"22":0,"23":1,"24":0,"25":0,"26":1},"f":{"0":1,"1":1,"2":0,"3":0,"4":0,"5":0,"6":0,"7":0,"8":0,"9":0},"b":{"0":[0,0],"1":[0,0]},"_coverageSchema":"1a1c01bbd47fc00a2c39e90264f33305004495a9","hash":"b48c29a3612f3080585380f91b2d999e01896848"}
,"C:\\Users\\Gustavo\\Music\\t81-project\\models\\role.js": {"path":"C:\\Users\\Gustavo\\Music\\t81-project\\models\\role.js","statementMap":{"0":{"start":{"line":2,"column":18},"end":{"line":2,"column":38}},"1":{"start":{"line":3,"column":0},"end":{"line":36,"column":2}},"2":{"start":{"line":14,"column":2},"end":{"line":25,"column":4}},"3":{"start":{"line":27,"column":2},"end":{"line":27,"column":60}},"4":{"start":{"line":27,"column":36},"end":{"line":27,"column":59}},"5":{"start":{"line":29,"column":2},"end":{"line":29,"column":51}},"6":{"start":{"line":29,"column":30},"end":{"line":29,"column":50}},"7":{"start":{"line":31,"column":2},"end":{"line":31,"column":76}},"8":{"start":{"line":31,"column":34},"end":{"line":31,"column":75}},"9":{"start":{"line":33,"column":2},"end":{"line":33,"column":55}},"10":{"start":{"line":33,"column":31},"end":{"line":33,"column":54}},"11":{"start":{"line":35,"column":2},"end":{"line":35,"column":14}}},"fnMap":{"0":{"name":"(anonymous_0)","decl":{"start":{"line":3,"column":17},"end":{"line":3,"column":18}},"loc":{"start":{"line":3,"column":43},"end":{"line":36,"column":1}},"line":3},"1":{"name":"(anonymous_1)","decl":{"start":{"line":10,"column":4},"end":{"line":10,"column":5}},"loc":{"start":{"line":10,"column":29},"end":{"line":12,"column":5}},"line":10},"2":{"name":"(anonymous_2)","decl":{"start":{"line":27,"column":20},"end":{"line":27,"column":21}},"loc":{"start":{"line":27,"column":36},"end":{"line":27,"column":59}},"line":27},"3":{"name":"(anonymous_3)","decl":{"start":{"line":29,"column":18},"end":{"line":29,"column":19}},"loc":{"start":{"line":29,"column":30},"end":{"line":29,"column":50}},"line":29},"4":{"name":"(anonymous_4)","decl":{"start":{"line":31,"column":20},"end":{"line":31,"column":21}},"loc":{"start":{"line":31,"column":34},"end":{"line":31,"column":75}},"line":31},"5":{"name":"(anonymous_5)","decl":{"start":{"line":33,"column":17},"end":{"line":33,"column":18}},"loc":{"start":{"line":33,"column":31},"end":{"line":33,"column":54}},"line":33}},"branchMap":{},"s":{"0":1,"1":1,"2":1,"3":1,"4":0,"5":1,"6":0,"7":1,"8":0,"9":1,"10":0,"11":1},"f":{"0":1,"1":1,"2":0,"3":0,"4":0,"5":0},"b":{},"_coverageSchema":"1a1c01bbd47fc00a2c39e90264f33305004495a9","hash":"4b3c9ba779cf48455c2a4809be79cc554d0a1fbf"}
,"C:\\Users\\Gustavo\\Music\\t81-project\\models\\slide.js": {"path":"C:\\Users\\Gustavo\\Music\\t81-project\\models\\slide.js","statementMap":{"0":{"start":{"line":2,"column":18},"end":{"line":2,"column":38}},"1":{"start":{"line":3,"column":0},"end":{"line":51,"column":2}},"2":{"start":{"line":11,"column":6},"end":{"line":11,"column":42}},"3":{"start":{"line":14,"column":2},"end":{"line":27,"column":4}},"4":{"start":{"line":29,"column":2},"end":{"line":29,"column":65}},"5":{"start":{"line":29,"column":39},"end":{"line":29,"column":64}},"6":{"start":{"line":31,"column":2},"end":{"line":31,"column":76}},"7":{"start":{"line":31,"column":42},"end":{"line":31,"column":75}},"8":{"start":{"line":33,"column":2},"end":{"line":33,"column":98}},"9":{"start":{"line":33,"column":51},"end":{"line":33,"column":97}},"10":{"start":{"line":35,"column":2},"end":{"line":38,"column":4}},"11":{"start":{"line":36,"column":16},"end":{"line":36,"column":69}},"12":{"start":{"line":37,"column":4},"end":{"line":37,"column":15}},"13":{"start":{"line":40,"column":2},"end":{"line":42,"column":3}},"14":{"start":{"line":41,"column":6},"end":{"line":41,"column":110}},"15":{"start":{"line":44,"column":2},"end":{"line":44,"column":79}},"16":{"start":{"line":44,"column":36},"end":{"line":44,"column":78}},"17":{"start":{"line":46,"column":2},"end":{"line":46,"column":58}},"18":{"start":{"line":46,"column":33},"end":{"line":46,"column":57}},"19":{"start":{"line":48,"column":2},"end":{"line":48,"column":81}},"20":{"start":{"line":48,"column":42},"end":{"line":48,"column":80}},"21":{"start":{"line":50,"column":2},"end":{"line":50,"column":15}}},"fnMap":{"0":{"name":"(anonymous_0)","decl":{"start":{"line":3,"column":17},"end":{"line":3,"column":18}},"loc":{"start":{"line":3,"column":43},"end":{"line":51,"column":1}},"line":3},"1":{"name":"(anonymous_1)","decl":{"start":{"line":10,"column":4},"end":{"line":10,"column":5}},"loc":{"start":{"line":10,"column":29},"end":{"line":12,"column":5}},"line":10},"2":{"name":"(anonymous_2)","decl":{"start":{"line":29,"column":22},"end":{"line":29,"column":23}},"loc":{"start":{"line":29,"column":39},"end":{"line":29,"column":64}},"line":29},"3":{"name":"(anonymous_3)","decl":{"start":{"line":31,"column":20},"end":{"line":31,"column":21}},"loc":{"start":{"line":31,"column":42},"end":{"line":31,"column":75}},"line":31},"4":{"name":"(anonymous_4)","decl":{"start":{"line":33,"column":25},"end":{"line":33,"column":26}},"loc":{"start":{"line":33,"column":51},"end":{"line":33,"column":97}},"line":33},"5":{"name":"(anonymous_5)","decl":{"start":{"line":35,"column":20},"end":{"line":35,"column":21}},"loc":{"start":{"line":35,"column":53},"end":{"line":38,"column":3}},"line":35},"6":{"name":"(anonymous_6)","decl":{"start":{"line":40,"column":28},"end":{"line":40,"column":29}},"loc":{"start":{"line":40,"column":54},"end":{"line":42,"column":3}},"line":40},"7":{"name":"(anonymous_7)","decl":{"start":{"line":44,"column":22},"end":{"line":44,"column":23}},"loc":{"start":{"line":44,"column":36},"end":{"line":44,"column":78}},"line":44},"8":{"name":"(anonymous_8)","decl":{"start":{"line":46,"column":19},"end":{"line":46,"column":20}},"loc":{"start":{"line":46,"column":33},"end":{"line":46,"column":57}},"line":46},"9":{"name":"(anonymous_9)","decl":{"start":{"line":48,"column":22},"end":{"line":48,"column":23}},"loc":{"start":{"line":48,"column":42},"end":{"line":48,"column":80}},"line":48}},"branchMap":{},"s":{"0":1,"1":1,"2":1,"3":1,"4":1,"5":0,"6":1,"7":0,"8":1,"9":0,"10":1,"11":0,"12":0,"13":1,"14":0,"15":1,"16":0,"17":1,"18":0,"19":1,"20":0,"21":1},"f":{"0":1,"1":1,"2":0,"3":0,"4":0,"5":0,"6":0,"7":0,"8":0,"9":0},"b":{},"_coverageSchema":"1a1c01bbd47fc00a2c39e90264f33305004495a9","hash":"7c93575cb12d7d096628c0aab4894c9c47dfdb8e"}
,"C:\\Users\\Gustavo\\Music\\t81-project\\models\\testimonial.js": {"path":"C:\\Users\\Gustavo\\Music\\t81-project\\models\\testimonial.js","statementMap":{"0":{"start":{"line":2,"column":18},"end":{"line":2,"column":38}},"1":{"start":{"line":3,"column":0},"end":{"line":42,"column":2}},"2":{"start":{"line":14,"column":2},"end":{"line":25,"column":4}},"3":{"start":{"line":27,"column":2},"end":{"line":27,"column":80}},"4":{"start":{"line":27,"column":49},"end":{"line":27,"column":79}},"5":{"start":{"line":29,"column":2},"end":{"line":29,"column":75}},"6":{"start":{"line":29,"column":47},"end":{"line":29,"column":74}},"7":{"start":{"line":31,"column":2},"end":{"line":32,"column":42}},"8":{"start":{"line":32,"column":4},"end":{"line":32,"column":41}},"9":{"start":{"line":34,"column":2},"end":{"line":36,"column":4}},"10":{"start":{"line":35,"column":4},"end":{"line":35,"column":58}},"11":{"start":{"line":38,"column":2},"end":{"line":39,"column":53}},"12":{"start":{"line":39,"column":4},"end":{"line":39,"column":52}},"13":{"start":{"line":41,"column":2},"end":{"line":41,"column":21}}},"fnMap":{"0":{"name":"(anonymous_0)","decl":{"start":{"line":3,"column":17},"end":{"line":3,"column":18}},"loc":{"start":{"line":3,"column":43},"end":{"line":42,"column":1}},"line":3},"1":{"name":"(anonymous_1)","decl":{"start":{"line":10,"column":4},"end":{"line":10,"column":5}},"loc":{"start":{"line":10,"column":29},"end":{"line":12,"column":5}},"line":10},"2":{"name":"(anonymous_2)","decl":{"start":{"line":27,"column":35},"end":{"line":27,"column":36}},"loc":{"start":{"line":27,"column":49},"end":{"line":27,"column":79}},"line":27},"3":{"name":"(anonymous_3)","decl":{"start":{"line":29,"column":35},"end":{"line":29,"column":36}},"loc":{"start":{"line":29,"column":47},"end":{"line":29,"column":74}},"line":29},"4":{"name":"(anonymous_4)","decl":{"start":{"line":31,"column":34},"end":{"line":31,"column":35}},"loc":{"start":{"line":32,"column":4},"end":{"line":32,"column":41}},"line":32},"5":{"name":"(anonymous_5)","decl":{"start":{"line":34,"column":34},"end":{"line":34,"column":35}},"loc":{"start":{"line":34,"column":54},"end":{"line":36,"column":3}},"line":34},"6":{"name":"(anonymous_6)","decl":{"start":{"line":38,"column":34},"end":{"line":38,"column":35}},"loc":{"start":{"line":39,"column":4},"end":{"line":39,"column":52}},"line":39}},"branchMap":{},"s":{"0":1,"1":1,"2":1,"3":1,"4":0,"5":1,"6":0,"7":1,"8":0,"9":1,"10":0,"11":1,"12":0,"13":1},"f":{"0":1,"1":1,"2":0,"3":0,"4":0,"5":0,"6":0},"b":{},"_coverageSchema":"1a1c01bbd47fc00a2c39e90264f33305004495a9","hash":"e287a043b8260b679ff01dd7e54d8d2b4daadc45"}
,"C:\\Users\\Gustavo\\Music\\t81-project\\models\\user.js": {"path":"C:\\Users\\Gustavo\\Music\\t81-project\\models\\user.js","statementMap":{"0":{"start":{"line":3,"column":17},"end":{"line":3,"column":36}},"1":{"start":{"line":6,"column":19},"end":{"line":6,"column":39}},"2":{"start":{"line":7,"column":0},"end":{"line":92,"column":2}},"3":{"start":{"line":16,"column":6},"end":{"line":16,"column":48}},"4":{"start":{"line":17,"column":6},"end":{"line":21,"column":7}},"5":{"start":{"line":25,"column":2},"end":{"line":43,"column":5}},"6":{"start":{"line":45,"column":2},"end":{"line":45,"column":56}},"7":{"start":{"line":45,"column":35},"end":{"line":45,"column":55}},"8":{"start":{"line":47,"column":2},"end":{"line":47,"column":69}},"9":{"start":{"line":47,"column":45},"end":{"line":47,"column":68}},"10":{"start":{"line":49,"column":2},"end":{"line":49,"column":91}},"11":{"start":{"line":49,"column":51},"end":{"line":49,"column":90}},"12":{"start":{"line":51,"column":2},"end":{"line":63,"column":4}},"13":{"start":{"line":52,"column":17},"end":{"line":52,"column":39}},"14":{"start":{"line":54,"column":17},"end":{"line":58,"column":6}},"15":{"start":{"line":60,"column":4},"end":{"line":60,"column":21}},"16":{"start":{"line":62,"column":4},"end":{"line":62,"column":15}},"17":{"start":{"line":65,"column":2},"end":{"line":77,"column":4}},"18":{"start":{"line":66,"column":17},"end":{"line":66,"column":39}},"19":{"start":{"line":68,"column":4},"end":{"line":70,"column":5}},"20":{"start":{"line":69,"column":6},"end":{"line":69,"column":62}},"21":{"start":{"line":72,"column":4},"end":{"line":72,"column":55}},"22":{"start":{"line":79,"column":2},"end":{"line":88,"column":4}},"23":{"start":{"line":80,"column":15},"end":{"line":80,"column":38}},"24":{"start":{"line":82,"column":2},"end":{"line":82,"column":30}},"25":{"start":{"line":84,"column":2},"end":{"line":84,"column":20}},"26":{"start":{"line":86,"column":2},"end":{"line":86,"column":14}},"27":{"start":{"line":90,"column":2},"end":{"line":90,"column":15}}},"fnMap":{"0":{"name":"(anonymous_0)","decl":{"start":{"line":7,"column":17},"end":{"line":7,"column":18}},"loc":{"start":{"line":7,"column":43},"end":{"line":92,"column":1}},"line":7},"1":{"name":"(anonymous_1)","decl":{"start":{"line":14,"column":4},"end":{"line":14,"column":5}},"loc":{"start":{"line":14,"column":29},"end":{"line":22,"column":5}},"line":14},"2":{"name":"(anonymous_2)","decl":{"start":{"line":45,"column":26},"end":{"line":45,"column":27}},"loc":{"start":{"line":45,"column":35},"end":{"line":45,"column":55}},"line":45},"3":{"name":"(anonymous_3)","decl":{"start":{"line":47,"column":31},"end":{"line":47,"column":32}},"loc":{"start":{"line":47,"column":45},"end":{"line":47,"column":68}},"line":47},"4":{"name":"(anonymous_4)","decl":{"start":{"line":49,"column":34},"end":{"line":49,"column":35}},"loc":{"start":{"line":49,"column":51},"end":{"line":49,"column":90}},"line":49},"5":{"name":"(anonymous_5)","decl":{"start":{"line":51,"column":28},"end":{"line":51,"column":29}},"loc":{"start":{"line":51,"column":43},"end":{"line":63,"column":3}},"line":51},"6":{"name":"(anonymous_6)","decl":{"start":{"line":65,"column":26},"end":{"line":65,"column":27}},"loc":{"start":{"line":65,"column":46},"end":{"line":77,"column":3}},"line":65},"7":{"name":"(anonymous_7)","decl":{"start":{"line":79,"column":26},"end":{"line":79,"column":27}},"loc":{"start":{"line":79,"column":42},"end":{"line":88,"column":3}},"line":79}},"branchMap":{"0":{"loc":{"start":{"line":68,"column":4},"end":{"line":70,"column":5}},"type":"if","locations":[{"start":{"line":68,"column":4},"end":{"line":70,"column":5}},{"start":{},"end":{}}],"line":68}},"s":{"0":1,"1":1,"2":1,"3":1,"4":1,"5":1,"6":1,"7":0,"8":1,"9":0,"10":1,"11":0,"12":1,"13":0,"14":0,"15":0,"16":0,"17":1,"18":0,"19":0,"20":0,"21":0,"22":1,"23":0,"24":0,"25":0,"26":0,"27":1},"f":{"0":1,"1":1,"2":0,"3":0,"4":0,"5":0,"6":0,"7":0},"b":{"0":[0,0]},"_coverageSchema":"1a1c01bbd47fc00a2c39e90264f33305004495a9","hash":"b82f30751bdcac0e8613ab50df83ed9236101363"}
}
